2021-12-12 09:32:30,305 [main] INFO nopCommerce - *********** Lauching Browser ****************
2021-12-12 09:32:31,868 [main] INFO nopCommerce - *********** Opening url ****************
2021-12-12 09:32:32,049 [main] INFO nopCommerce - ***********Providing Login Details ****************
2021-12-12 09:32:32,394 [main] INFO nopCommerce - *********** Started Login Process ****************
2021-12-12 09:32:37,438 [main] INFO nopCommerce - *********** On Dashboard ****************
2021-12-12 09:32:37,447 [main] INFO nopCommerce - ***********Clcik on Customer Menu****************
2021-12-12 09:32:37,529 [main] INFO nopCommerce - ***********Customer Menu Items****************
2021-12-12 09:32:40,624 [main] INFO nopCommerce - ***********Clcik on Add New Button****************
2021-12-12 09:32:42,664 [main] INFO nopCommerce - ***********Filling Customer Details ****************
2021-12-12 09:32:57,984 [main] INFO nopCommerce - *********** Lauching Browser ****************
2021-12-12 09:33:00,072 [main] INFO nopCommerce - *********** Lauching Browser ****************
2021-12-12 09:34:44,760 [main] INFO nopCommerce - *********** Lauching Browser ****************
2021-12-12 09:34:46,268 [main] INFO nopCommerce - *********** Opening url ****************
2021-12-12 09:34:46,386 [main] INFO nopCommerce - ***********Providing Login Details ****************
2021-12-12 09:34:46,571 [main] INFO nopCommerce - *********** Started Login Process ****************
2021-12-12 09:34:52,644 [main] INFO nopCommerce - *********** On Dashboard ****************
2021-12-12 09:34:52,653 [main] INFO nopCommerce - ***********Clcik on Customer Menu****************
2021-12-12 09:34:52,717 [main] INFO nopCommerce - ***********Customer Menu Items****************
2021-12-12 09:34:54,061 [main] INFO nopCommerce - *********** Lauching Browser ****************
2021-12-12 09:34:55,624 [main] INFO nopCommerce - *********** Opening url ****************
2021-12-12 09:34:55,747 [main] INFO nopCommerce - ***********Providing Login Details ****************
2021-12-12 09:34:55,922 [main] INFO nopCommerce - *********** Started Login Process ****************
2021-12-12 09:35:01,826 [main] INFO nopCommerce - *********** On Dashboard ****************
2021-12-12 09:35:01,833 [main] INFO nopCommerce - ***********Clcik on Customer Menu****************
2021-12-12 09:35:01,899 [main] INFO nopCommerce - ***********Customer Menu Items****************
2021-12-12 09:35:03,134 [main] INFO nopCommerce - *********** Lauching Browser ****************
2021-12-12 09:35:04,773 [main] INFO nopCommerce - *********** Opening url ****************
2021-12-12 09:35:04,893 [main] INFO nopCommerce - ***********Providing Login Details ****************
2021-12-12 09:35:05,100 [main] INFO nopCommerce - *********** Started Login Process ****************
2021-12-12 09:35:10,068 [main] INFO nopCommerce - *********** On Dashboard ****************
2021-12-12 09:35:10,073 [main] INFO nopCommerce - ***********Clcik on Customer Menu****************
2021-12-12 09:35:10,145 [main] INFO nopCommerce - ***********Customer Menu Items****************
2021-12-12 09:35:12,278 [main] INFO nopCommerce - *********** Entering First name ****************
2021-12-12 09:35:12,411 [main] INFO nopCommerce - *********** Entering LastName ****************
2021-12-12 09:35:12,510 [main] INFO nopCommerce - *********** Click on Search Button ****************
2021-12-12 09:35:15,807 [main] INFO nopCommerce - ***********Closing the Browser ****************
2021-12-12 09:35:53,127 [main] INFO nopCommerce - *********** Lauching Browser ****************
2021-12-12 09:35:54,646 [main] INFO nopCommerce - *********** Opening url ****************
2021-12-12 09:35:54,772 [main] INFO nopCommerce - ***********Providing Login Details ****************
2021-12-12 09:35:54,976 [main] INFO nopCommerce - *********** Started Login Process ****************
2021-12-12 09:35:56,699 [main] INFO nopCommerce - *********** On Dashboard ****************
2021-12-12 09:36:01,965 [main] INFO nopCommerce - *********** Lauching Browser ****************
2021-12-12 09:36:03,493 [main] INFO nopCommerce - *********** Opening url ****************
2021-12-12 09:36:03,619 [main] INFO nopCommerce - ***********Providing Login Details ****************
2021-12-12 09:36:03,807 [main] INFO nopCommerce - *********** Started Login Process ****************
2021-12-12 09:36:05,529 [main] INFO nopCommerce - *********** On Dashboard ****************
2021-12-12 09:36:10,763 [main] INFO nopCommerce - *********** Lauching Browser ****************
2021-12-12 09:36:12,315 [main] INFO nopCommerce - *********** Opening url ****************
2021-12-12 09:36:43,554 [main] INFO nopCommerce - *********** Lauching Browser ****************
2021-12-12 09:36:45,078 [main] INFO nopCommerce - *********** Opening url ****************
2021-12-12 09:36:45,205 [main] INFO nopCommerce - ***********Providing Login Details ****************
2021-12-12 09:36:45,382 [main] INFO nopCommerce - *********** Started Login Process ****************
2021-12-12 09:36:49,323 [main] INFO nopCommerce - *********** On Dashboard ****************
2021-12-12 09:36:49,332 [main] INFO nopCommerce - ***********Clcik on Customer Menu****************
2021-12-12 09:36:49,435 [main] INFO nopCommerce - ***********Customer Menu Items****************
2021-12-12 09:36:50,562 [main] INFO nopCommerce - ***********Clcik on Add New Button****************
2021-12-12 09:36:52,570 [main] INFO nopCommerce - ***********Filling Customer Details ****************
2021-12-12 09:36:58,342 [main] INFO nopCommerce - *********** Clcik on save button****************
2021-12-12 09:37:02,710 [main] INFO nopCommerce - ***********Closing the Browser ****************
2021-12-12 09:37:04,568 [main] INFO nopCommerce - *********** Lauching Browser ****************
2021-12-12 09:37:06,117 [main] INFO nopCommerce - *********** Opening url ****************
2021-12-12 09:37:06,232 [main] INFO nopCommerce - ***********Providing Login Details ****************
2021-12-12 09:37:06,400 [main] INFO nopCommerce - *********** Started Login Process ****************
2021-12-12 09:37:11,361 [main] INFO nopCommerce - *********** On Dashboard ****************
2021-12-12 09:37:11,367 [main] INFO nopCommerce - ***********Clcik on Customer Menu****************
2021-12-12 09:37:11,421 [main] INFO nopCommerce - ***********Customer Menu Items****************
2021-12-12 09:37:13,510 [main] INFO nopCommerce - *********** Search Customer By Email****************
2021-12-12 09:37:13,665 [main] INFO nopCommerce - *********** Click on Search Button ****************
2021-12-12 09:37:16,797 [main] INFO nopCommerce - ***********Closing the Browser ****************
2021-12-12 09:37:18,609 [main] INFO nopCommerce - *********** Lauching Browser ****************
2021-12-12 09:37:19,189 [main] INFO nopCommerce - *********** Opening url ****************
2021-12-12 09:37:19,305 [main] INFO nopCommerce - ***********Providing Login Details ****************
2021-12-12 09:37:19,484 [main] INFO nopCommerce - *********** Started Login Process ****************
2021-12-12 09:37:22,689 [main] INFO nopCommerce - *********** On Dashboard ****************
2021-12-12 09:37:22,695 [main] INFO nopCommerce - ***********Clcik on Customer Menu****************
2021-12-12 09:37:22,766 [main] INFO nopCommerce - ***********Customer Menu Items****************
2021-12-12 09:37:23,897 [main] INFO nopCommerce - *********** Entering First name ****************
2021-12-12 09:37:24,007 [main] INFO nopCommerce - *********** Entering LastName ****************
2021-12-12 09:37:24,101 [main] INFO nopCommerce - *********** Click on Search Button ****************
2021-12-12 09:37:27,315 [main] INFO nopCommerce - ***********Closing the Browser ****************
2021-12-12 09:37:29,148 [main] INFO nopCommerce - *********** Lauching Browser ****************
2021-12-12 09:37:30,694 [main] INFO nopCommerce - *********** Opening url ****************
2021-12-12 09:37:30,812 [main] INFO nopCommerce - ***********Providing Login Details ****************
2021-12-12 09:37:30,983 [main] INFO nopCommerce - *********** Started Login Process ****************
2021-12-12 09:37:36,912 [main] INFO nopCommerce - *********** Login Unsuccessfull or Failed ****************
2021-12-12 09:37:39,919 [main] INFO nopCommerce - ***********Click on Logout****************
2021-12-12 09:37:46,213 [main] INFO nopCommerce - ***********Closing the Browser ****************
2021-12-12 09:37:48,070 [main] INFO nopCommerce - *********** Lauching Browser ****************
2021-12-12 09:37:48,663 [main] INFO nopCommerce - *********** Opening url ****************
2021-12-12 09:37:48,777 [main] INFO nopCommerce - ***********Providing Login Details ****************
2021-12-12 09:37:48,955 [main] INFO nopCommerce - *********** Started Login Process ****************
2021-12-12 09:37:51,807 [main] INFO nopCommerce - *********** Login Unsuccessfull or Failed ****************
2021-12-12 09:37:54,813 [main] INFO nopCommerce - ***********Click on Logout****************
2021-12-12 09:37:59,206 [main] INFO nopCommerce - ***********Closing the Browser ****************
2021-12-12 09:38:01,085 [main] INFO nopCommerce - *********** Lauching Browser ****************
2021-12-12 09:38:02,540 [main] INFO nopCommerce - *********** Opening url ****************
2021-12-12 09:38:02,655 [main] INFO nopCommerce - ***********Providing Login Details ****************
2021-12-12 09:38:02,825 [main] INFO nopCommerce - *********** Started Login Process ****************
2021-12-12 09:38:04,206 [main] INFO nopCommerce - *********** SuccessFul Login****************
2021-12-12 09:39:36,983 [main] INFO nopCommerce - *********** Lauching Browser ****************
2021-12-12 09:39:38,544 [main] INFO nopCommerce - *********** Opening url ****************
2021-12-12 09:39:38,662 [main] INFO nopCommerce - ***********Providing Login Details ****************
2021-12-12 09:39:38,837 [main] INFO nopCommerce - *********** Started Login Process ****************
2021-12-12 09:39:43,593 [main] INFO nopCommerce - *********** On Dashboard ****************
2021-12-12 09:39:43,601 [main] INFO nopCommerce - ***********Clcik on Customer Menu****************
2021-12-12 09:39:43,683 [main] INFO nopCommerce - ***********Customer Menu Items****************
2021-12-12 09:39:45,120 [main] INFO nopCommerce - ***********Clcik on Add New Button****************
2021-12-12 09:39:46,135 [main] INFO nopCommerce - ***********Filling Customer Details ****************
2021-12-12 09:39:51,901 [main] INFO nopCommerce - *********** Clcik on save button****************
2021-12-12 09:39:56,114 [main] INFO nopCommerce - **********Checking assert****************
2021-12-12 09:39:56,258 [main] INFO nopCommerce - ***********Closing the Browser ****************
2021-12-12 09:39:58,098 [main] INFO nopCommerce - *********** Lauching Browser ****************
2021-12-12 09:39:59,603 [main] INFO nopCommerce - *********** Opening url ****************
2021-12-12 09:39:59,717 [main] INFO nopCommerce - ***********Providing Login Details ****************
2021-12-12 09:39:59,888 [main] INFO nopCommerce - *********** Started Login Process ****************
2021-12-12 09:40:02,801 [main] INFO nopCommerce - *********** On Dashboard ****************
2021-12-12 09:40:02,808 [main] INFO nopCommerce - ***********Clcik on Customer Menu****************
2021-12-12 09:40:02,877 [main] INFO nopCommerce - ***********Customer Menu Items****************
2021-12-12 09:40:05,247 [main] INFO nopCommerce - *********** Search Customer By Email****************
2021-12-12 09:40:05,385 [main] INFO nopCommerce - *********** Click on Search Button ****************
2021-12-12 09:40:08,504 [main] INFO nopCommerce - ***********Closing the Browser ****************
2021-12-12 09:40:10,286 [main] INFO nopCommerce - *********** Lauching Browser ****************
2021-12-12 09:40:11,832 [main] INFO nopCommerce - *********** Opening url ****************
2021-12-12 09:40:11,946 [main] INFO nopCommerce - ***********Providing Login Details ****************
2021-12-12 09:40:12,115 [main] INFO nopCommerce - *********** Started Login Process ****************
2021-12-12 09:40:16,924 [main] INFO nopCommerce - *********** On Dashboard ****************
2021-12-12 09:40:16,929 [main] INFO nopCommerce - ***********Clcik on Customer Menu****************
2021-12-12 09:40:16,999 [main] INFO nopCommerce - ***********Customer Menu Items****************
2021-12-12 09:40:18,238 [main] INFO nopCommerce - *********** Entering First name ****************
2021-12-12 09:40:18,348 [main] INFO nopCommerce - *********** Entering LastName ****************
2021-12-12 09:40:18,445 [main] INFO nopCommerce - *********** Click on Search Button ****************
2021-12-12 09:40:21,576 [main] INFO nopCommerce - ***********Closing the Browser ****************
2021-12-12 09:40:23,402 [main] INFO nopCommerce - *********** Lauching Browser ****************
2021-12-12 09:40:24,872 [main] INFO nopCommerce - *********** Opening url ****************
2021-12-12 09:40:24,986 [main] INFO nopCommerce - ***********Providing Login Details ****************
2021-12-12 09:40:25,154 [main] INFO nopCommerce - *********** Started Login Process ****************
2021-12-12 09:40:31,032 [main] INFO nopCommerce - *********** Login Unsuccessfull or Failed ****************
2021-12-12 09:40:34,040 [main] INFO nopCommerce - ***********Click on Logout****************
2021-12-12 09:40:38,403 [main] INFO nopCommerce - ***********Closing the Browser ****************
2021-12-12 09:40:40,283 [main] INFO nopCommerce - *********** Lauching Browser ****************
2021-12-12 09:40:41,727 [main] INFO nopCommerce - *********** Opening url ****************
2021-12-12 09:40:41,840 [main] INFO nopCommerce - ***********Providing Login Details ****************
2021-12-12 09:40:42,009 [main] INFO nopCommerce - *********** Started Login Process ****************
2021-12-12 09:40:47,903 [main] INFO nopCommerce - *********** Login Unsuccessfull or Failed ****************
2021-12-12 09:40:50,908 [main] INFO nopCommerce - ***********Click on Logout****************
2021-12-12 09:40:57,190 [main] INFO nopCommerce - ***********Closing the Browser ****************
2021-12-12 09:40:58,977 [main] INFO nopCommerce - *********** Lauching Browser ****************
2021-12-12 09:41:00,533 [main] INFO nopCommerce - *********** Opening url ****************
2021-12-12 09:41:00,647 [main] INFO nopCommerce - ***********Providing Login Details ****************
2021-12-12 09:41:00,818 [main] INFO nopCommerce - *********** Started Login Process ****************
2021-12-12 09:41:02,339 [main] INFO nopCommerce - *********** SuccessFul Login****************
2021-12-12 09:48:24,194 [main] INFO nopCommerce - *********** Lauching Browser ****************
2021-12-12 09:48:25,783 [main] INFO nopCommerce - *********** Opening url ****************
2021-12-12 09:48:25,904 [main] INFO nopCommerce - ***********Providing Login Details ****************
2021-12-12 09:48:26,097 [main] INFO nopCommerce - *********** Started Login Process ****************
2021-12-12 09:48:31,929 [main] INFO nopCommerce - *********** On Dashboard ****************
2021-12-12 09:48:31,938 [main] INFO nopCommerce - ***********Clcik on Customer Menu****************
2021-12-12 09:48:32,100 [main] INFO nopCommerce - ***********Customer Menu Items****************
2021-12-12 09:48:33,256 [main] INFO nopCommerce - ***********Clcik on Add New Button****************
2021-12-12 09:48:34,223 [main] INFO nopCommerce - ***********Filling Customer Details ****************
2021-12-12 09:48:40,096 [main] INFO nopCommerce - *********** Clcik on save button****************
2021-12-12 09:48:43,146 [main] INFO nopCommerce - **********Checking assert****************
2021-12-12 09:48:43,307 [main] INFO nopCommerce - ***********Closing the Browser ****************
2021-12-12 09:48:45,192 [main] INFO nopCommerce - *********** Lauching Browser ****************
2021-12-12 09:48:46,684 [main] INFO nopCommerce - *********** Opening url ****************
2021-12-12 09:48:46,805 [main] INFO nopCommerce - ***********Providing Login Details ****************
2021-12-12 09:48:46,987 [main] INFO nopCommerce - *********** Started Login Process ****************
2021-12-12 09:48:50,204 [main] INFO nopCommerce - *********** Login Unsuccessfull or Failed ****************
2021-12-12 09:48:53,211 [main] INFO nopCommerce - ***********Click on Logout****************
2021-12-12 09:48:57,637 [main] INFO nopCommerce - ***********Closing the Browser ****************
2021-12-12 10:16:06,871 [main] INFO nopCommerce - *********** Lauching Browser ****************
2021-12-12 10:16:08,456 [main] INFO nopCommerce - *********** Opening url ****************
2021-12-12 10:16:08,574 [main] INFO nopCommerce - ***********Providing Login Details ****************
2021-12-12 10:16:08,769 [main] INFO nopCommerce - *********** Started Login Process ****************
2021-12-12 10:16:13,658 [main] INFO nopCommerce - *********** On Dashboard ****************
2021-12-12 10:16:13,667 [main] INFO nopCommerce - ***********Clcik on Customer Menu****************
2021-12-12 10:16:13,778 [main] INFO nopCommerce - ***********Customer Menu Items****************
2021-12-12 10:16:15,037 [main] INFO nopCommerce - ***********Clcik on Add New Button****************
2021-12-12 10:16:16,983 [main] INFO nopCommerce - ***********Filling Customer Details ****************
2021-12-12 10:16:22,762 [main] INFO nopCommerce - *********** Clcik on save button****************
2021-12-12 10:16:26,173 [main] INFO nopCommerce - **********Checking assert****************
2021-12-12 10:16:26,323 [main] INFO nopCommerce - ***********Closing the Browser ****************
2021-12-12 10:16:28,161 [main] INFO nopCommerce - *********** Lauching Browser ****************
2021-12-12 10:16:29,672 [main] INFO nopCommerce - *********** Opening url ****************
2021-12-12 10:16:29,786 [main] INFO nopCommerce - ***********Providing Login Details ****************
2021-12-12 10:16:29,962 [main] INFO nopCommerce - *********** Started Login Process ****************
2021-12-12 10:16:33,903 [main] INFO nopCommerce - *********** On Dashboard ****************
2021-12-12 10:16:33,910 [main] INFO nopCommerce - ***********Clcik on Customer Menu****************
2021-12-12 10:16:33,965 [main] INFO nopCommerce - ***********Customer Menu Items****************
2021-12-12 10:16:35,996 [main] INFO nopCommerce - *********** Search Customer By Email****************
2021-12-12 10:16:36,140 [main] INFO nopCommerce - *********** Click on Search Button ****************
2021-12-12 10:16:39,265 [main] INFO nopCommerce - ***********Closing the Browser ****************
2021-12-12 10:16:41,131 [main] INFO nopCommerce - *********** Lauching Browser ****************
2021-12-12 10:16:42,595 [main] INFO nopCommerce - *********** Opening url ****************
2021-12-12 10:16:42,711 [main] INFO nopCommerce - ***********Providing Login Details ****************
2021-12-12 10:16:42,883 [main] INFO nopCommerce - *********** Started Login Process ****************
2021-12-12 10:16:47,725 [main] INFO nopCommerce - *********** On Dashboard ****************
2021-12-12 10:16:47,730 [main] INFO nopCommerce - ***********Clcik on Customer Menu****************
2021-12-12 10:16:47,801 [main] INFO nopCommerce - ***********Customer Menu Items****************
2021-12-12 10:16:50,747 [main] INFO nopCommerce - *********** Entering First name ****************
2021-12-12 10:16:50,880 [main] INFO nopCommerce - *********** Entering LastName ****************
2021-12-12 10:16:50,971 [main] INFO nopCommerce - *********** Click on Search Button ****************
2021-12-12 10:16:54,081 [main] INFO nopCommerce - ***********Closing the Browser ****************
2021-12-12 10:16:55,924 [main] INFO nopCommerce - *********** Lauching Browser ****************
2021-12-12 10:16:57,469 [main] INFO nopCommerce - *********** Opening url ****************
2021-12-12 10:16:57,583 [main] INFO nopCommerce - ***********Providing Login Details ****************
2021-12-12 10:16:57,757 [main] INFO nopCommerce - *********** Started Login Process ****************
2021-12-12 10:16:59,526 [main] INFO nopCommerce - *********** Login Unsuccessfull or Failed ****************
2021-12-12 10:17:00,703 [main] INFO nopCommerce - *********** Lauching Browser ****************
2021-12-12 10:17:02,267 [main] INFO nopCommerce - *********** Opening url ****************
2021-12-12 10:17:02,388 [main] INFO nopCommerce - ***********Providing Login Details ****************
2021-12-12 10:17:03,590 [main] INFO nopCommerce - *********** Lauching Browser ****************
2021-12-12 10:17:05,143 [main] INFO nopCommerce - *********** Opening url ****************
2021-12-12 10:17:05,266 [main] INFO nopCommerce - ***********Providing Login Details ****************
2021-12-12 10:18:46,751 [main] INFO nopCommerce - *********** Lauching Browser ****************
2021-12-12 10:18:48,301 [main] INFO nopCommerce - *********** Opening url ****************
2021-12-12 10:18:48,419 [main] INFO nopCommerce - ***********Providing Login Details ****************
2021-12-12 10:18:48,594 [main] INFO nopCommerce - *********** Started Login Process ****************
2021-12-12 10:18:53,547 [main] INFO nopCommerce - *********** On Dashboard ****************
2021-12-12 10:18:53,559 [main] INFO nopCommerce - ***********Clcik on Customer Menu****************
2021-12-12 10:18:53,629 [main] INFO nopCommerce - ***********Customer Menu Items****************
2021-12-12 10:18:55,816 [main] INFO nopCommerce - ***********Clcik on Add New Button****************
2021-12-12 10:18:59,227 [main] INFO nopCommerce - ***********Filling Customer Details ****************
2021-12-12 10:19:04,960 [main] INFO nopCommerce - *********** Clcik on save button****************
2021-12-12 10:19:09,480 [main] INFO nopCommerce - **********Checking assert****************
2021-12-12 10:19:09,658 [main] INFO nopCommerce - ***********Closing the Browser ****************
2021-12-12 10:19:11,504 [main] INFO nopCommerce - *********** Lauching Browser ****************
2021-12-12 10:19:13,117 [main] INFO nopCommerce - *********** Opening url ****************
2021-12-12 10:19:13,231 [main] INFO nopCommerce - ***********Providing Login Details ****************
2021-12-12 10:19:13,396 [main] INFO nopCommerce - *********** Started Login Process ****************
2021-12-12 10:19:19,321 [main] INFO nopCommerce - *********** On Dashboard ****************
2021-12-12 10:19:19,327 [main] INFO nopCommerce - ***********Clcik on Customer Menu****************
2021-12-12 10:19:19,430 [main] INFO nopCommerce - ***********Customer Menu Items****************
2021-12-12 10:19:21,627 [main] INFO nopCommerce - *********** Search Customer By Email****************
2021-12-12 10:19:21,769 [main] INFO nopCommerce - *********** Click on Search Button ****************
2021-12-12 10:19:24,891 [main] INFO nopCommerce - ***********Closing the Browser ****************
2021-12-12 10:19:26,710 [main] INFO nopCommerce - *********** Lauching Browser ****************
2021-12-12 10:19:28,259 [main] INFO nopCommerce - *********** Opening url ****************
2021-12-12 10:19:28,373 [main] INFO nopCommerce - ***********Providing Login Details ****************
2021-12-12 10:19:28,538 [main] INFO nopCommerce - *********** Started Login Process ****************
2021-12-12 10:19:32,746 [main] INFO nopCommerce - *********** On Dashboard ****************
2021-12-12 10:19:32,752 [main] INFO nopCommerce - ***********Clcik on Customer Menu****************
2021-12-12 10:19:32,937 [main] INFO nopCommerce - ***********Customer Menu Items****************
2021-12-12 10:19:34,082 [main] INFO nopCommerce - *********** Entering First name ****************
2021-12-12 10:19:34,188 [main] INFO nopCommerce - *********** Entering LastName ****************
2021-12-12 10:19:34,280 [main] INFO nopCommerce - *********** Click on Search Button ****************
2021-12-12 10:19:37,521 [main] INFO nopCommerce - ***********Closing the Browser ****************
2021-12-12 10:19:39,341 [main] INFO nopCommerce - *********** Lauching Browser ****************
2021-12-12 10:19:40,808 [main] INFO nopCommerce - *********** Opening url ****************
2021-12-12 10:19:40,922 [main] INFO nopCommerce - ***********Providing Login Details ****************
2021-12-12 10:19:41,091 [main] INFO nopCommerce - *********** Started Login Process ****************
2021-12-12 10:19:46,966 [main] INFO nopCommerce - *********** Login Unsuccessfull or Failed ****************
2021-12-12 10:19:49,973 [main] INFO nopCommerce - ***********Click on Logout****************
2021-12-12 10:19:55,337 [main] INFO nopCommerce - ***********Closing the Browser ****************
2021-12-12 10:19:57,155 [main] INFO nopCommerce - *********** Lauching Browser ****************
2021-12-12 10:19:58,650 [main] INFO nopCommerce - *********** Opening url ****************
2021-12-12 10:19:58,763 [main] INFO nopCommerce - ***********Providing Login Details ****************
2021-12-12 10:19:58,928 [main] INFO nopCommerce - *********** Started Login Process ****************
2021-12-12 10:20:03,890 [main] INFO nopCommerce - *********** Login Unsuccessfull or Failed ****************
2021-12-12 10:20:06,894 [main] INFO nopCommerce - ***********Click on Logout****************
2021-12-12 10:20:13,077 [main] INFO nopCommerce - ***********Closing the Browser ****************
2021-12-12 10:20:14,858 [main] INFO nopCommerce - *********** Lauching Browser ****************
2021-12-12 10:20:15,453 [main] INFO nopCommerce - *********** Opening url ****************
2021-12-12 10:20:15,569 [main] INFO nopCommerce - ***********Providing Login Details ****************
2021-12-12 10:20:15,742 [main] INFO nopCommerce - *********** Started Login Process ****************
2021-12-12 10:20:16,240 [main] INFO nopCommerce - *********** SuccessFul Login****************
2021-12-12 13:05:02,324 [main] INFO nopCommerce - *********** Lauching Browser ****************
2021-12-12 13:05:04,644 [main] INFO nopCommerce - *********** Opening url ****************
2021-12-12 13:05:04,801 [main] INFO nopCommerce - ***********Providing Login Details ****************
2021-12-12 13:05:05,212 [main] INFO nopCommerce - *********** Started Login Process ****************
2021-12-12 13:05:12,057 [main] INFO nopCommerce - *********** On Dashboard ****************
2021-12-12 13:05:12,103 [main] INFO nopCommerce - ***********Clcik on Customer Menu****************
2021-12-12 13:05:12,262 [main] INFO nopCommerce - ***********Customer Menu Items****************
2021-12-12 13:05:13,942 [main] INFO nopCommerce - ***********Clcik on Add New Button****************
2021-12-12 13:05:15,891 [main] INFO nopCommerce - ***********Filling Customer Details ****************
2021-12-12 13:05:22,804 [main] INFO nopCommerce - *********** Clcik on save button****************
2021-12-12 13:05:28,677 [main] INFO nopCommerce - **********Checking assert****************
2021-12-12 13:05:28,950 [main] INFO nopCommerce - ***********Closing the Browser ****************
2021-12-12 13:05:33,490 [main] INFO nopCommerce - *********** Lauching Browser ****************
2021-12-12 13:05:34,352 [main] INFO nopCommerce - *********** Opening url ****************
2021-12-12 13:05:34,520 [main] INFO nopCommerce - ***********Providing Login Details ****************
2021-12-12 13:05:35,402 [main] INFO nopCommerce - *********** Started Login Process ****************
2021-12-12 13:05:39,790 [main] INFO nopCommerce - *********** On Dashboard ****************
2021-12-12 13:05:39,869 [main] INFO nopCommerce - ***********Clcik on Customer Menu****************
2021-12-12 13:05:40,048 [main] INFO nopCommerce - ***********Customer Menu Items****************
2021-12-12 13:05:41,588 [main] INFO nopCommerce - *********** Search Customer By Email****************
2021-12-12 13:05:42,080 [main] INFO nopCommerce - *********** Click on Search Button ****************
2021-12-12 13:05:45,402 [main] INFO nopCommerce - ***********Closing the Browser ****************
2021-12-12 13:05:51,230 [main] INFO nopCommerce - *********** Lauching Browser ****************
2021-12-12 13:05:52,850 [main] INFO nopCommerce - *********** Opening url ****************
2021-12-12 13:05:52,999 [main] INFO nopCommerce - ***********Providing Login Details ****************
2021-12-12 13:05:53,405 [main] INFO nopCommerce - *********** Started Login Process ****************
2021-12-12 13:06:00,037 [main] INFO nopCommerce - *********** On Dashboard ****************
2021-12-12 13:06:00,073 [main] INFO nopCommerce - ***********Clcik on Customer Menu****************
2021-12-12 13:06:00,302 [main] INFO nopCommerce - ***********Customer Menu Items****************
2021-12-12 13:06:02,874 [main] INFO nopCommerce - *********** Entering First name ****************
2021-12-12 13:06:03,076 [main] INFO nopCommerce - *********** Entering LastName ****************
2021-12-12 13:06:03,430 [main] INFO nopCommerce - *********** Click on Search Button ****************
2021-12-12 13:06:06,776 [main] INFO nopCommerce - ***********Closing the Browser ****************
2021-12-12 13:06:09,932 [main] INFO nopCommerce - *********** Lauching Browser ****************
2021-12-12 13:06:11,639 [main] INFO nopCommerce - *********** Opening url ****************
2021-12-12 13:06:11,773 [main] INFO nopCommerce - ***********Providing Login Details ****************
2021-12-12 13:06:12,119 [main] INFO nopCommerce - *********** Started Login Process ****************
2021-12-12 13:06:17,002 [main] INFO nopCommerce - *********** Login Unsuccessfull or Failed ****************
2021-12-12 13:06:20,175 [main] INFO nopCommerce - ***********Click on Logout****************
2021-12-12 13:06:26,532 [main] INFO nopCommerce - ***********Closing the Browser ****************
2021-12-12 13:06:30,032 [main] INFO nopCommerce - *********** Lauching Browser ****************
2021-12-12 13:06:31,657 [main] INFO nopCommerce - *********** Opening url ****************
2021-12-12 13:06:31,786 [main] INFO nopCommerce - ***********Providing Login Details ****************
2021-12-12 13:06:32,121 [main] INFO nopCommerce - *********** Started Login Process ****************
2021-12-12 13:06:38,159 [main] INFO nopCommerce - *********** Login Unsuccessfull or Failed ****************
2021-12-12 13:06:41,211 [main] INFO nopCommerce - ***********Click on Logout****************
2021-12-12 13:06:46,761 [main] INFO nopCommerce - ***********Closing the Browser ****************
2021-12-12 13:06:50,059 [main] INFO nopCommerce - *********** Lauching Browser ****************
2021-12-12 13:06:51,842 [main] INFO nopCommerce - *********** Opening url ****************
2021-12-12 13:06:51,978 [main] INFO nopCommerce - ***********Providing Login Details ****************
2021-12-12 13:06:52,342 [main] INFO nopCommerce - *********** Started Login Process ****************
2021-12-12 13:06:54,117 [main] INFO nopCommerce - *********** SuccessFul Login****************
2021-12-12 14:50:06,542 [main] INFO nopCommerce - *********** Lauching Browser ****************
2021-12-12 14:50:08,137 [main] INFO nopCommerce - *********** Opening url ****************
2021-12-12 14:50:08,255 [main] INFO nopCommerce - ***********Providing Login Details ****************
2021-12-12 14:50:08,456 [main] INFO nopCommerce - *********** Started Login Process ****************
2021-12-12 14:50:15,183 [main] INFO nopCommerce - *********** On Dashboard ****************
2021-12-12 14:50:15,192 [main] INFO nopCommerce - ***********Clcik on Customer Menu****************
2021-12-12 14:50:15,256 [main] INFO nopCommerce - ***********Customer Menu Items****************
2021-12-12 14:50:19,113 [main] INFO nopCommerce - ***********Clcik on Add New Button****************
2021-12-12 14:50:21,522 [main] INFO nopCommerce - ***********Filling Customer Details ****************
2021-12-12 14:50:27,314 [main] INFO nopCommerce - *********** Clcik on save button****************
2021-12-12 14:50:30,901 [main] INFO nopCommerce - **********Checking assert****************
2021-12-12 14:50:31,051 [main] INFO nopCommerce - ***********Closing the Browser ****************
2021-12-12 14:50:32,889 [main] INFO nopCommerce - *********** Lauching Browser ****************
2021-12-12 14:50:33,493 [main] INFO nopCommerce - *********** Opening url ****************
2021-12-12 14:50:33,609 [main] INFO nopCommerce - ***********Providing Login Details ****************
2021-12-12 14:50:33,775 [main] INFO nopCommerce - *********** Started Login Process ****************
2021-12-12 14:50:38,743 [main] INFO nopCommerce - *********** On Dashboard ****************
2021-12-12 14:50:38,750 [main] INFO nopCommerce - ***********Clcik on Customer Menu****************
2021-12-12 14:50:38,817 [main] INFO nopCommerce - ***********Customer Menu Items****************
2021-12-12 14:50:40,126 [main] INFO nopCommerce - *********** Lauching Browser ****************
2021-12-12 14:50:41,720 [main] INFO nopCommerce - *********** Opening url ****************
2021-12-12 14:50:41,833 [main] INFO nopCommerce - ***********Providing Login Details ****************
2021-12-12 14:50:42,000 [main] INFO nopCommerce - *********** Started Login Process ****************
2021-12-12 14:50:48,304 [main] INFO nopCommerce - *********** On Dashboard ****************
2021-12-12 14:50:48,311 [main] INFO nopCommerce - ***********Clcik on Customer Menu****************
2021-12-12 14:50:48,380 [main] INFO nopCommerce - ***********Customer Menu Items****************
2021-12-12 14:50:50,533 [main] INFO nopCommerce - *********** Entering First name ****************
2021-12-12 14:50:50,693 [main] INFO nopCommerce - *********** Entering LastName ****************
2021-12-12 14:50:50,832 [main] INFO nopCommerce - *********** Click on Search Button ****************
2021-12-12 14:50:53,985 [main] INFO nopCommerce - ***********Closing the Browser ****************
2021-12-12 14:50:55,933 [main] INFO nopCommerce - *********** Lauching Browser ****************
2021-12-12 14:50:57,559 [main] INFO nopCommerce - *********** Opening url ****************
2021-12-12 14:50:57,674 [main] INFO nopCommerce - ***********Providing Login Details ****************
2021-12-12 14:50:57,845 [main] INFO nopCommerce - *********** Started Login Process ****************
2021-12-12 14:51:03,377 [main] INFO nopCommerce - *********** Login Unsuccessfull or Failed ****************
2021-12-12 14:51:06,386 [main] INFO nopCommerce - ***********Click on Logout****************
2021-12-12 14:51:10,883 [main] INFO nopCommerce - ***********Closing the Browser ****************
2021-12-12 14:51:12,736 [main] INFO nopCommerce - *********** Lauching Browser ****************
2021-12-12 14:51:14,686 [main] INFO nopCommerce - *********** Opening url ****************
2021-12-12 14:51:14,801 [main] INFO nopCommerce - ***********Providing Login Details ****************
2021-12-12 14:51:14,978 [main] INFO nopCommerce - *********** Started Login Process ****************
2021-12-12 14:51:19,995 [main] INFO nopCommerce - *********** Login Unsuccessfull or Failed ****************
2021-12-12 14:51:23,001 [main] INFO nopCommerce - ***********Click on Logout****************
2021-12-12 14:51:29,544 [main] INFO nopCommerce - ***********Closing the Browser ****************
2021-12-12 14:51:31,404 [main] INFO nopCommerce - *********** Lauching Browser ****************
2021-12-12 14:51:33,067 [main] INFO nopCommerce - *********** Opening url ****************
2021-12-12 14:51:33,183 [main] INFO nopCommerce - ***********Providing Login Details ****************
2021-12-12 14:51:33,369 [main] INFO nopCommerce - *********** Started Login Process ****************
2021-12-12 14:51:33,910 [main] INFO nopCommerce - *********** SuccessFul Login****************
2021-12-12 14:54:27,655 [main] INFO nopCommerce - *********** Lauching Browser ****************
2021-12-12 14:54:29,329 [main] INFO nopCommerce - *********** Opening url ****************
2021-12-12 14:54:29,445 [main] INFO nopCommerce - ***********Providing Login Details ****************
2021-12-12 14:54:29,636 [main] INFO nopCommerce - *********** Started Login Process ****************
2021-12-12 14:54:35,206 [main] INFO nopCommerce - *********** On Dashboard ****************
2021-12-12 14:54:35,215 [main] INFO nopCommerce - ***********Clcik on Customer Menu****************
2021-12-12 14:54:35,290 [main] INFO nopCommerce - ***********Customer Menu Items****************
2021-12-12 14:54:36,613 [main] INFO nopCommerce - *********** Lauching Browser ****************
2021-12-12 14:54:38,262 [main] INFO nopCommerce - *********** Opening url ****************
2021-12-12 14:54:38,390 [main] INFO nopCommerce - ***********Providing Login Details ****************
2021-12-12 14:54:38,643 [main] INFO nopCommerce - *********** Started Login Process ****************
2021-12-12 14:54:46,935 [main] INFO nopCommerce - *********** On Dashboard ****************
2021-12-12 14:54:46,942 [main] INFO nopCommerce - ***********Clcik on Customer Menu****************
2021-12-12 14:54:47,048 [main] INFO nopCommerce - ***********Customer Menu Items****************
2021-12-12 14:54:48,358 [main] INFO nopCommerce - *********** Search Customer By Email****************
2021-12-12 14:54:48,532 [main] INFO nopCommerce - *********** Click on Search Button ****************
2021-12-12 14:54:51,673 [main] INFO nopCommerce - ***********Closing the Browser ****************
2021-12-12 14:54:53,580 [main] INFO nopCommerce - *********** Lauching Browser ****************
2021-12-12 14:54:55,262 [main] INFO nopCommerce - *********** Opening url ****************
2021-12-12 14:54:55,380 [main] INFO nopCommerce - ***********Providing Login Details ****************
2021-12-12 14:54:55,578 [main] INFO nopCommerce - *********** Started Login Process ****************
2021-12-12 14:55:02,071 [main] INFO nopCommerce - *********** On Dashboard ****************
2021-12-12 14:55:02,082 [main] INFO nopCommerce - ***********Clcik on Customer Menu****************
2021-12-12 14:55:02,167 [main] INFO nopCommerce - ***********Customer Menu Items****************
2021-12-12 14:55:04,377 [main] INFO nopCommerce - *********** Entering First name ****************
2021-12-12 14:55:04,514 [main] INFO nopCommerce - *********** Entering LastName ****************
2021-12-12 14:55:04,614 [main] INFO nopCommerce - *********** Click on Search Button ****************
2021-12-12 14:55:07,916 [main] INFO nopCommerce - ***********Closing the Browser ****************
2021-12-12 14:55:09,981 [main] INFO nopCommerce - *********** Lauching Browser ****************
2021-12-12 14:55:11,772 [main] INFO nopCommerce - *********** Opening url ****************
2021-12-12 14:55:11,891 [main] INFO nopCommerce - ***********Providing Login Details ****************
2021-12-12 14:55:12,067 [main] INFO nopCommerce - *********** Started Login Process ****************
2021-12-12 14:55:16,569 [main] INFO nopCommerce - *********** Login Unsuccessfull or Failed ****************
2021-12-12 14:55:19,588 [main] INFO nopCommerce - ***********Click on Logout****************
2021-12-12 14:55:24,055 [main] INFO nopCommerce - ***********Closing the Browser ****************
2021-12-12 14:55:26,084 [main] INFO nopCommerce - *********** Lauching Browser ****************
2021-12-12 14:55:27,785 [main] INFO nopCommerce - *********** Opening url ****************
2021-12-12 14:55:27,908 [main] INFO nopCommerce - ***********Providing Login Details ****************
2021-12-12 14:55:28,078 [main] INFO nopCommerce - *********** Started Login Process ****************
2021-12-12 14:55:32,839 [main] INFO nopCommerce - *********** Login Unsuccessfull or Failed ****************
2021-12-12 14:55:35,847 [main] INFO nopCommerce - ***********Click on Logout****************
2021-12-12 14:55:40,382 [main] INFO nopCommerce - ***********Closing the Browser ****************
2021-12-12 14:55:42,805 [main] INFO nopCommerce - *********** Lauching Browser ****************
2021-12-12 14:55:44,531 [main] INFO nopCommerce - *********** Opening url ****************
2021-12-12 14:55:44,654 [main] INFO nopCommerce - ***********Providing Login Details ****************
2021-12-12 14:55:44,835 [main] INFO nopCommerce - *********** Started Login Process ****************
2021-12-12 14:55:45,368 [main] INFO nopCommerce - *********** SuccessFul Login****************
2021-12-12 17:47:38,627 [main] INFO nopCommerce - *********** Lauching Browser ****************
2021-12-12 17:47:40,512 [main] INFO nopCommerce - *********** Opening url ****************
2021-12-12 17:47:40,633 [main] INFO nopCommerce - ***********Providing Login Details ****************
2021-12-12 17:47:40,820 [main] INFO nopCommerce - *********** Started Login Process ****************
2021-12-12 17:47:45,707 [main] INFO nopCommerce - *********** On Dashboard ****************
2021-12-12 17:47:45,716 [main] INFO nopCommerce - ***********Clcik on Customer Menu****************
2021-12-12 17:47:45,822 [main] INFO nopCommerce - ***********Customer Menu Items****************
2021-12-12 17:47:48,061 [main] INFO nopCommerce - ***********Clcik on Add New Button****************
2021-12-12 17:47:51,043 [main] INFO nopCommerce - ***********Filling Customer Details ****************
2021-12-12 17:47:56,903 [main] INFO nopCommerce - *********** Clcik on save button****************
2021-12-12 17:48:01,701 [main] INFO nopCommerce - **********Checking assert****************
2021-12-12 17:48:01,872 [main] INFO nopCommerce - ***********Closing the Browser ****************
2021-12-12 17:48:03,904 [main] INFO nopCommerce - *********** Lauching Browser ****************
2021-12-12 17:48:05,494 [main] INFO nopCommerce - *********** Opening url ****************
2021-12-12 17:48:05,612 [main] INFO nopCommerce - ***********Providing Login Details ****************
2021-12-12 17:48:05,783 [main] INFO nopCommerce - *********** Started Login Process ****************
2021-12-12 17:48:13,427 [main] INFO nopCommerce - *********** On Dashboard ****************
2021-12-12 17:48:13,445 [main] INFO nopCommerce - ***********Clcik on Customer Menu****************
2021-12-12 17:48:13,570 [main] INFO nopCommerce - ***********Customer Menu Items****************
2021-12-12 17:48:15,155 [main] INFO nopCommerce - *********** Search Customer By Email****************
2021-12-12 17:48:15,342 [main] INFO nopCommerce - *********** Click on Search Button ****************
2021-12-12 17:48:18,491 [main] INFO nopCommerce - ***********Closing the Browser ****************
2021-12-12 17:48:20,455 [main] INFO nopCommerce - *********** Lauching Browser ****************
2021-12-12 17:48:22,111 [main] INFO nopCommerce - *********** Opening url ****************
2021-12-12 17:48:22,233 [main] INFO nopCommerce - ***********Providing Login Details ****************
2021-12-12 17:48:22,410 [main] INFO nopCommerce - *********** Started Login Process ****************
2021-12-12 17:48:29,351 [main] INFO nopCommerce - *********** On Dashboard ****************
2021-12-12 17:48:29,356 [main] INFO nopCommerce - ***********Clcik on Customer Menu****************
2021-12-12 17:48:29,421 [main] INFO nopCommerce - ***********Customer Menu Items****************
2021-12-12 17:48:32,609 [main] INFO nopCommerce - *********** Entering First name ****************
2021-12-12 17:48:32,719 [main] INFO nopCommerce - *********** Entering LastName ****************
2021-12-12 17:48:32,854 [main] INFO nopCommerce - *********** Click on Search Button ****************
2021-12-12 17:48:36,077 [main] INFO nopCommerce - ***********Closing the Browser ****************
2021-12-12 17:48:37,879 [main] INFO nopCommerce - *********** Lauching Browser ****************
2021-12-12 17:48:38,608 [main] INFO nopCommerce - *********** Opening url ****************
2021-12-12 17:48:38,724 [main] INFO nopCommerce - ***********Providing Login Details ****************
2021-12-12 17:48:38,909 [main] INFO nopCommerce - *********** Started Login Process ****************
2021-12-12 17:48:43,346 [main] INFO nopCommerce - *********** Lauching Browser ****************
2021-12-12 17:48:44,861 [main] INFO nopCommerce - *********** Opening url ****************
2021-12-12 17:48:44,981 [main] INFO nopCommerce - ***********Providing Login Details ****************
2021-12-12 17:48:45,210 [main] INFO nopCommerce - *********** Started Login Process ****************
2021-12-12 17:48:52,571 [main] INFO nopCommerce - *********** Login Unsuccessfull or Failed ****************
2021-12-12 17:48:55,579 [main] INFO nopCommerce - ***********Click on Logout****************
2021-12-12 17:49:02,015 [main] INFO nopCommerce - ***********Closing the Browser ****************
2021-12-12 17:49:03,794 [main] INFO nopCommerce - *********** Lauching Browser ****************
2021-12-12 17:49:05,617 [main] INFO nopCommerce - *********** Opening url ****************
2021-12-12 17:49:05,733 [main] INFO nopCommerce - ***********Providing Login Details ****************
2021-12-12 17:49:05,905 [main] INFO nopCommerce - *********** Started Login Process ****************
2021-12-12 17:49:07,498 [main] INFO nopCommerce - *********** SuccessFul Login****************
2021-12-12 17:49:21,213 [main] INFO nopCommerce - *********** Lauching Browser ****************
2021-12-12 17:49:22,017 [main] INFO nopCommerce - *********** Opening url ****************
2021-12-12 17:49:22,135 [main] INFO nopCommerce - ***********Providing Login Details ****************
2021-12-12 17:49:22,312 [main] INFO nopCommerce - *********** Started Login Process ****************
2021-12-12 17:49:25,972 [main] INFO nopCommerce - *********** On Dashboard ****************
2021-12-12 17:49:25,980 [main] INFO nopCommerce - ***********Clcik on Customer Menu****************
2021-12-12 17:49:26,066 [main] INFO nopCommerce - ***********Customer Menu Items****************
2021-12-12 17:49:27,273 [main] INFO nopCommerce - ***********Clcik on Add New Button****************
2021-12-12 17:49:29,435 [main] INFO nopCommerce - ***********Filling Customer Details ****************
2021-12-12 17:49:35,326 [main] INFO nopCommerce - *********** Clcik on save button****************
2021-12-12 17:49:38,785 [main] INFO nopCommerce - **********Checking assert****************
2021-12-12 17:49:38,970 [main] INFO nopCommerce - ***********Closing the Browser ****************
2021-12-12 17:49:40,863 [main] INFO nopCommerce - *********** Lauching Browser ****************
2021-12-12 17:49:42,519 [main] INFO nopCommerce - *********** Opening url ****************
2021-12-12 17:49:42,635 [main] INFO nopCommerce - ***********Providing Login Details ****************
2021-12-12 17:49:42,811 [main] INFO nopCommerce - *********** Started Login Process ****************
2021-12-12 17:49:49,889 [main] INFO nopCommerce - *********** On Dashboard ****************
2021-12-12 17:49:49,962 [main] INFO nopCommerce - ***********Clcik on Customer Menu****************
2021-12-12 17:49:50,069 [main] INFO nopCommerce - ***********Customer Menu Items****************
2021-12-12 17:49:51,180 [main] INFO nopCommerce - *********** Search Customer By Email****************
2021-12-12 17:49:51,369 [main] INFO nopCommerce - *********** Click on Search Button ****************
2021-12-12 17:49:54,521 [main] INFO nopCommerce - ***********Closing the Browser ****************
2021-12-12 17:49:56,347 [main] INFO nopCommerce - *********** Lauching Browser ****************
2021-12-12 17:49:58,046 [main] INFO nopCommerce - *********** Opening url ****************
2021-12-12 17:49:58,170 [main] INFO nopCommerce - ***********Providing Login Details ****************
2021-12-12 17:49:58,352 [main] INFO nopCommerce - *********** Started Login Process ****************
2021-12-12 17:50:05,694 [main] INFO nopCommerce - *********** On Dashboard ****************
2021-12-12 17:50:05,701 [main] INFO nopCommerce - ***********Clcik on Customer Menu****************
2021-12-12 17:50:05,783 [main] INFO nopCommerce - ***********Customer Menu Items****************
2021-12-12 17:50:07,917 [main] INFO nopCommerce - *********** Entering First name ****************
2021-12-12 17:50:08,071 [main] INFO nopCommerce - *********** Entering LastName ****************
2021-12-12 17:50:08,178 [main] INFO nopCommerce - *********** Click on Search Button ****************
2021-12-12 17:50:11,412 [main] INFO nopCommerce - ***********Closing the Browser ****************
2021-12-12 17:50:13,332 [main] INFO nopCommerce - *********** Lauching Browser ****************
2021-12-12 17:50:13,961 [main] INFO nopCommerce - *********** Opening url ****************
2021-12-12 17:50:14,078 [main] INFO nopCommerce - ***********Providing Login Details ****************
2021-12-12 17:50:14,248 [main] INFO nopCommerce - *********** Started Login Process ****************
2021-12-12 17:50:16,803 [main] INFO nopCommerce - *********** Login Unsuccessfull or Failed ****************
2021-12-12 17:50:19,810 [main] INFO nopCommerce - ***********Click on Logout****************
2021-12-12 17:50:24,359 [main] INFO nopCommerce - ***********Closing the Browser ****************
2021-12-12 17:50:26,419 [main] INFO nopCommerce - *********** Lauching Browser ****************
2021-12-12 17:50:28,051 [main] INFO nopCommerce - *********** Opening url ****************
2021-12-12 17:50:28,167 [main] INFO nopCommerce - ***********Providing Login Details ****************
2021-12-12 17:50:28,336 [main] INFO nopCommerce - *********** Started Login Process ****************
2021-12-12 17:50:33,813 [main] INFO nopCommerce - *********** Login Unsuccessfull or Failed ****************
2021-12-12 17:50:36,818 [main] INFO nopCommerce - ***********Click on Logout****************
2021-12-12 17:50:42,240 [main] INFO nopCommerce - ***********Closing the Browser ****************
2021-12-12 17:50:44,584 [main] INFO nopCommerce - *********** Lauching Browser ****************
2021-12-12 17:50:46,212 [main] INFO nopCommerce - *********** Opening url ****************
2021-12-12 17:50:46,330 [main] INFO nopCommerce - ***********Providing Login Details ****************
2021-12-12 17:50:46,504 [main] INFO nopCommerce - *********** Started Login Process ****************
2021-12-12 17:50:47,974 [main] INFO nopCommerce - *********** SuccessFul Login****************
